build/app/intermediates/manifest_merge_blame_file/debug/manifest-merger-blame-debug-report.txt
1<?xml version="1.0" encoding="utf-8"?>
2<manifest xmlns:android="http://schemas.android.com/apk/res/android"
3    package="vn.icare.tempapp"
4    android:versionCode="1"
5    android:versionName="1.0.0" >
6
7    <uses-sdk
8        android:minSdkVersion="19"
9        android:targetSdkVersion="30" />
10    <!--
11         Flutter needs it to communicate with the running application
12         to allow setting breakpoints, to provide hot reload, etc.
13    -->
14    <uses-permission android:name="android.permission.INTERNET" />
14-->src\debug\AndroidManifest.xml:6:5-66
14-->src\debug\AndroidManifest.xml:6:22-64
15    <!-- Bluetooth -->
16    <uses-permission android:name="android.permission.BLUETOOTH" />
16-->src\main\AndroidManifest.xml:5:5-68
16-->src\main\AndroidManifest.xml:5:22-65
17    <uses-permission android:name="android.permission.BLUETOOTH_ADMIN" />
17-->src\main\AndroidManifest.xml:6:5-74
17-->src\main\AndroidManifest.xml:6:22-71
18    <uses-permission android:name="android.permission.ACCESS_COARSE_LOCATION" />
18-->src\main\AndroidManifest.xml:7:5-80
18-->src\main\AndroidManifest.xml:7:22-78
19    <uses-permission android:name="android.permission.ACCESS_FINE_LOCATION" />
19-->[:flutter_blue] AndroidManifest.xml:9:5-79
19-->[:flutter_blue] AndroidManifest.xml:9:22-76
20    <uses-permission android:name="android.permission.ACCESS_NETWORK_STATE" />
20-->[com.google.firebase:firebase-auth:21.0.1] AndroidManifest.xml:24:5-79
20-->[com.google.firebase:firebase-auth:21.0.1] AndroidManifest.xml:24:22-76
21    <uses-permission android:name="android.permission.WAKE_LOCK" />
21-->[com.google.android.gms:play-services-measurement-api:19.0.0] AndroidManifest.xml:24:5-68
21-->[com.google.android.gms:play-services-measurement-api:19.0.0] AndroidManifest.xml:24:22-65
22    <uses-permission android:name="com.google.android.finsky.permission.BIND_GET_INSTALL_REFERRER_SERVICE" />
22-->[com.google.android.gms:play-services-measurement:19.0.0] AndroidManifest.xml:26:5-110
22-->[com.google.android.gms:play-services-measurement:19.0.0] AndroidManifest.xml:26:22-107
23
24    <application
24-->src\main\AndroidManifest.xml:9:4-46:19
25        android:appComponentFactory="androidx.core.app.CoreComponentFactory"
25-->[androidx.core:core:1.1.0] AndroidManifest.xml:24:18-86
26        android:debuggable="true"
27        android:icon="@mipmap/ic_launcher"
27-->src\main\AndroidManifest.xml:11:9-43
28        android:label="iCarevn" >
28-->src\main\AndroidManifest.xml:10:9-32
29        <activity
29-->src\main\AndroidManifest.xml:12:9-40:20
30            android:name="vn.icare.tempapp.MainActivity"
30-->src\main\AndroidManifest.xml:13:13-41
31            android:configChanges="orientation|keyboardHidden|keyboard|screenSize|smallestScreenSize|locale|layoutDirection|fontScale|screenLayout|density|uiMode"
31-->src\main\AndroidManifest.xml:16:13-163
32            android:hardwareAccelerated="true"
32-->src\main\AndroidManifest.xml:17:13-47
33            android:launchMode="singleTop"
33-->src\main\AndroidManifest.xml:14:13-43
34            android:theme="@style/LaunchTheme"
34-->src\main\AndroidManifest.xml:15:13-47
35            android:windowSoftInputMode="adjustResize" >
35-->src\main\AndroidManifest.xml:18:13-55
36
37            <!--
38                 Specifies an Android theme to apply to this Activity as soon as
39                 the Android process has started. This theme is visible to the user
40                 while the Flutter UI initializes. After that, this theme continues
41                 to determine the Window background behind the Flutter UI.
42            -->
43            <meta-data
43-->src\main\AndroidManifest.xml:23:13-26:17
44                android:name="io.flutter.embedding.android.NormalTheme"
44-->src\main\AndroidManifest.xml:24:15-70
45                android:resource="@style/NormalTheme" />
45-->src\main\AndroidManifest.xml:25:15-52
46            <!--
47                 Displays an Android View that continues showing the launch screen
48                 Drawable until Flutter paints its first frame, then this splash
49                 screen fades out. A splash screen is useful to avoid any visual
50                 gap between the end of Android's launch screen and the painting of
51                 Flutter's first frame.
52            -->
53            <meta-data
53-->src\main\AndroidManifest.xml:32:13-35:17
54                android:name="io.flutter.embedding.android.SplashScreenDrawable"
54-->src\main\AndroidManifest.xml:33:15-79
55                android:resource="@drawable/launch_background" />
55-->src\main\AndroidManifest.xml:34:15-61
56
57            <intent-filter>
57-->src\main\AndroidManifest.xml:36:13-39:29
58                <action android:name="android.intent.action.MAIN" />
58-->src\main\AndroidManifest.xml:37:17-68
58-->src\main\AndroidManifest.xml:37:25-66
59
60                <category android:name="android.intent.category.LAUNCHER" />
60-->src\main\AndroidManifest.xml:38:17-76
60-->src\main\AndroidManifest.xml:38:27-74
61            </intent-filter>
62        </activity>
63        <!--
64             Don't delete the meta-data below.
65             This is used by the Flutter tool to generate GeneratedPluginRegistrant.java
66        -->
67        <meta-data
67-->src\main\AndroidManifest.xml:43:9-45:33
68            android:name="flutterEmbedding"
68-->src\main\AndroidManifest.xml:44:13-44
69            android:value="2" />
69-->src\main\AndroidManifest.xml:45:13-30
70
71        <service
71-->[:firebase_auth] AndroidManifest.xml:8:9-12:19
72            android:name="com.google.firebase.components.ComponentDiscoveryService"
72-->[:firebase_auth] AndroidManifest.xml:8:18-89
73            android:directBootAware="true"
73-->[com.google.firebase:firebase-common:20.0.0] AndroidManifest.xml:35:13-43
74            android:exported="false" >
74-->[com.google.firebase:firebase-auth:21.0.1] AndroidManifest.xml:76:13-37
75            <meta-data
75-->[:firebase_auth] AndroidManifest.xml:9:13-11:85
76                android:name="com.google.firebase.components:io.flutter.plugins.firebase.auth.FlutterFirebaseAuthRegistrar"
76-->[:firebase_auth] AndroidManifest.xml:10:17-124
77                android:value="com.google.firebase.components.ComponentRegistrar" />
77-->[:firebase_auth] AndroidManifest.xml:11:17-82
78            <meta-data
78-->[:firebase_core] AndroidManifest.xml:9:13-11:85
79                android:name="com.google.firebase.components:io.flutter.plugins.firebase.core.FlutterFirebaseCoreRegistrar"
79-->[:firebase_core] AndroidManifest.xml:10:17-124
80                android:value="com.google.firebase.components.ComponentRegistrar" />
80-->[:firebase_core] AndroidManifest.xml:11:17-82
81            <meta-data
81-->[com.google.firebase:firebase-auth:21.0.1] AndroidManifest.xml:77:13-79:85
82                android:name="com.google.firebase.components:com.google.firebase.auth.FirebaseAuthRegistrar"
82-->[com.google.firebase:firebase-auth:21.0.1] AndroidManifest.xml:78:17-109
83                android:value="com.google.firebase.components.ComponentRegistrar" />
83-->[com.google.firebase:firebase-auth:21.0.1] AndroidManifest.xml:79:17-82
84            <meta-data
84-->[com.google.android.gms:play-services-measurement-api:19.0.0] AndroidManifest.xml:30:13-32:85
85                android:name="com.google.firebase.components:com.google.firebase.analytics.connector.internal.AnalyticsConnectorRegistrar"
85-->[com.google.android.gms:play-services-measurement-api:19.0.0] AndroidManifest.xml:31:17-139
86                android:value="com.google.firebase.components.ComponentRegistrar" />
86-->[com.google.android.gms:play-services-measurement-api:19.0.0] AndroidManifest.xml:32:17-82
87            <meta-data
87-->[com.google.firebase:firebase-installations:17.0.0] AndroidManifest.xml:18:13-20:85
88                android:name="com.google.firebase.components:com.google.firebase.installations.FirebaseInstallationsRegistrar"
88-->[com.google.firebase:firebase-installations:17.0.0] AndroidManifest.xml:19:17-127
89                android:value="com.google.firebase.components.ComponentRegistrar" />
89-->[com.google.firebase:firebase-installations:17.0.0] AndroidManifest.xml:20:17-82
90        </service>
91
92        <activity
92-->[:url_launcher] AndroidManifest.xml:8:9-11:74
93            android:name="io.flutter.plugins.urllauncher.WebViewActivity"
93-->[:url_launcher] AndroidManifest.xml:9:13-74
94            android:exported="false"
94-->[:url_launcher] AndroidManifest.xml:10:13-37
95            android:theme="@android:style/Theme.NoTitleBar.Fullscreen" />
95-->[:url_launcher] AndroidManifest.xml:11:13-71
96        <activity
96-->[com.google.firebase:firebase-auth:21.0.1] AndroidManifest.xml:27:9-44:20
97            android:name="com.google.firebase.auth.internal.GenericIdpActivity"
97-->[com.google.firebase:firebase-auth:21.0.1] AndroidManifest.xml:28:13-80
98            android:excludeFromRecents="true"
98-->[com.google.firebase:firebase-auth:21.0.1] AndroidManifest.xml:29:13-46
99            android:exported="true"
99-->[com.google.firebase:firebase-auth:21.0.1] AndroidManifest.xml:30:13-36
100            android:launchMode="singleTask"
100-->[com.google.firebase:firebase-auth:21.0.1] AndroidManifest.xml:31:13-44
101            android:theme="@android:style/Theme.Translucent.NoTitleBar" >
101-->[com.google.firebase:firebase-auth:21.0.1] AndroidManifest.xml:32:13-72
102            <intent-filter>
102-->[com.google.firebase:firebase-auth:21.0.1] AndroidManifest.xml:33:13-43:29
103                <action android:name="android.intent.action.VIEW" />
103-->[com.google.firebase:firebase-auth:21.0.1] AndroidManifest.xml:34:17-69
103-->[com.google.firebase:firebase-auth:21.0.1] AndroidManifest.xml:34:25-66
104
105                <category android:name="android.intent.category.DEFAULT" />
105-->[com.google.firebase:firebase-auth:21.0.1] AndroidManifest.xml:36:17-76
105-->[com.google.firebase:firebase-auth:21.0.1] AndroidManifest.xml:36:27-73
106                <category android:name="android.intent.category.BROWSABLE" />
106-->[com.google.firebase:firebase-auth:21.0.1] AndroidManifest.xml:37:17-78
106-->[com.google.firebase:firebase-auth:21.0.1] AndroidManifest.xml:37:27-75
107
108                <data
108-->[com.google.firebase:firebase-auth:21.0.1] AndroidManifest.xml:39:17-42:51
109                    android:host="firebase.auth"
109-->[com.google.firebase:firebase-auth:21.0.1] AndroidManifest.xml:40:21-49
110                    android:path="/"
110-->[com.google.firebase:firebase-auth:21.0.1] AndroidManifest.xml:41:21-37
111                    android:scheme="genericidp" />
111-->[com.google.firebase:firebase-auth:21.0.1] AndroidManifest.xml:42:21-48
112            </intent-filter>
113        </activity>
114        <activity
114-->[com.google.firebase:firebase-auth:21.0.1] AndroidManifest.xml:45:9-62:20
115            android:name="com.google.firebase.auth.internal.RecaptchaActivity"
115-->[com.google.firebase:firebase-auth:21.0.1] AndroidManifest.xml:46:13-79
116            android:excludeFromRecents="true"
116-->[com.google.firebase:firebase-auth:21.0.1] AndroidManifest.xml:47:13-46
117            android:exported="true"
117-->[com.google.firebase:firebase-auth:21.0.1] AndroidManifest.xml:48:13-36
118            android:launchMode="singleTask"
118-->[com.google.firebase:firebase-auth:21.0.1] AndroidManifest.xml:49:13-44
119            android:theme="@android:style/Theme.Translucent.NoTitleBar" >
119-->[com.google.firebase:firebase-auth:21.0.1] AndroidManifest.xml:50:13-72
120            <intent-filter>
120-->[com.google.firebase:firebase-auth:21.0.1] AndroidManifest.xml:51:13-61:29
121                <action android:name="android.intent.action.VIEW" />
121-->[com.google.firebase:firebase-auth:21.0.1] AndroidManifest.xml:34:17-69
121-->[com.google.firebase:firebase-auth:21.0.1] AndroidManifest.xml:34:25-66
122
123                <category android:name="android.intent.category.DEFAULT" />
123-->[com.google.firebase:firebase-auth:21.0.1] AndroidManifest.xml:36:17-76
123-->[com.google.firebase:firebase-auth:21.0.1] AndroidManifest.xml:36:27-73
124                <category android:name="android.intent.category.BROWSABLE" />
124-->[com.google.firebase:firebase-auth:21.0.1] AndroidManifest.xml:37:17-78
124-->[com.google.firebase:firebase-auth:21.0.1] AndroidManifest.xml:37:27-75
125
126                <data
126-->[com.google.firebase:firebase-auth:21.0.1] AndroidManifest.xml:39:17-42:51
127                    android:host="firebase.auth"
127-->[com.google.firebase:firebase-auth:21.0.1] AndroidManifest.xml:40:21-49
128                    android:path="/"
128-->[com.google.firebase:firebase-auth:21.0.1] AndroidManifest.xml:41:21-37
129                    android:scheme="recaptcha" />
129-->[com.google.firebase:firebase-auth:21.0.1] AndroidManifest.xml:42:21-48
130            </intent-filter>
131        </activity>
132
133        <service
133-->[com.google.firebase:firebase-auth:21.0.1] AndroidManifest.xml:64:9-73:19
134            android:name="com.google.firebase.auth.api.fallback.service.FirebaseAuthFallbackService"
134-->[com.google.firebase:firebase-auth:21.0.1] AndroidManifest.xml:65:13-101
135            android:enabled="true"
135-->[com.google.firebase:firebase-auth:21.0.1] AndroidManifest.xml:66:13-35
136            android:exported="false" >
136-->[com.google.firebase:firebase-auth:21.0.1] AndroidManifest.xml:67:13-37
137            <intent-filter>
137-->[com.google.firebase:firebase-auth:21.0.1] AndroidManifest.xml:68:13-72:29
138                <action android:name="com.google.firebase.auth.api.gms.service.START" />
138-->[com.google.firebase:firebase-auth:21.0.1] AndroidManifest.xml:69:17-89
138-->[com.google.firebase:firebase-auth:21.0.1] AndroidManifest.xml:69:25-86
139
140                <category android:name="android.intent.category.DEFAULT" />
140-->[com.google.firebase:firebase-auth:21.0.1] AndroidManifest.xml:36:17-76
140-->[com.google.firebase:firebase-auth:21.0.1] AndroidManifest.xml:36:27-73
141            </intent-filter>
142        </service>
143
144        <provider
144-->[com.google.firebase:firebase-common:20.0.0] AndroidManifest.xml:26:9-31:39
145            android:name="com.google.firebase.provider.FirebaseInitProvider"
145-->[com.google.firebase:firebase-common:20.0.0] AndroidManifest.xml:27:13-77
146            android:authorities="vn.icare.tempapp.firebaseinitprovider"
146-->[com.google.firebase:firebase-common:20.0.0] AndroidManifest.xml:28:13-72
147            android:directBootAware="true"
147-->[com.google.firebase:firebase-common:20.0.0] AndroidManifest.xml:29:13-43
148            android:exported="false"
148-->[com.google.firebase:firebase-common:20.0.0] AndroidManifest.xml:30:13-37
149            android:initOrder="100" />
149-->[com.google.firebase:firebase-common:20.0.0] AndroidManifest.xml:31:13-36
150
151        <activity
151-->[com.google.android.gms:play-services-base:17.1.0] AndroidManifest.xml:23:9-26:75
152            android:name="com.google.android.gms.common.api.GoogleApiActivity"
152-->[com.google.android.gms:play-services-base:17.1.0] AndroidManifest.xml:24:13-79
153            android:exported="false"
153-->[com.google.android.gms:play-services-base:17.1.0] AndroidManifest.xml:25:13-37
154            android:theme="@android:style/Theme.Translucent.NoTitleBar" />
154-->[com.google.android.gms:play-services-base:17.1.0] AndroidManifest.xml:26:13-72
155
156        <receiver
156-->[com.google.android.gms:play-services-measurement:19.0.0] AndroidManifest.xml:29:9-33:20
157            android:name="com.google.android.gms.measurement.AppMeasurementReceiver"
157-->[com.google.android.gms:play-services-measurement:19.0.0] AndroidManifest.xml:30:13-85
158            android:enabled="true"
158-->[com.google.android.gms:play-services-measurement:19.0.0] AndroidManifest.xml:31:13-35
159            android:exported="false" >
159-->[com.google.android.gms:play-services-measurement:19.0.0] AndroidManifest.xml:32:13-37
160        </receiver>
161
162        <service
162-->[com.google.android.gms:play-services-measurement:19.0.0] AndroidManifest.xml:35:9-38:40
163            android:name="com.google.android.gms.measurement.AppMeasurementService"
163-->[com.google.android.gms:play-services-measurement:19.0.0] AndroidManifest.xml:36:13-84
164            android:enabled="true"
164-->[com.google.android.gms:play-services-measurement:19.0.0] AndroidManifest.xml:37:13-35
165            android:exported="false" />
165-->[com.google.android.gms:play-services-measurement:19.0.0] AndroidManifest.xml:38:13-37
166        <service
166-->[com.google.android.gms:play-services-measurement:19.0.0] AndroidManifest.xml:39:9-43:72
167            android:name="com.google.android.gms.measurement.AppMeasurementJobService"
167-->[com.google.android.gms:play-services-measurement:19.0.0] AndroidManifest.xml:40:13-87
168            android:enabled="true"
168-->[com.google.android.gms:play-services-measurement:19.0.0] AndroidManifest.xml:41:13-35
169            android:exported="false"
169-->[com.google.android.gms:play-services-measurement:19.0.0] AndroidManifest.xml:42:13-37
170            android:permission="android.permission.BIND_JOB_SERVICE" />
170-->[com.google.android.gms:play-services-measurement:19.0.0] AndroidManifest.xml:43:13-69
171
172        <meta-data
172-->[com.google.android.gms:play-services-basement:17.1.0] AndroidManifest.xml:23:9-25:69
173            android:name="com.google.android.gms.version"
173-->[com.google.android.gms:play-services-basement:17.1.0] AndroidManifest.xml:24:13-58
174            android:value="@integer/google_play_services_version" />
174-->[com.google.android.gms:play-services-basement:17.1.0] AndroidManifest.xml:25:13-66
175    </application>
176
177</manifest>